<?xml version="1.0" encoding="UTF-8"?>
<coverage generated="1763257987067" clover="3.2.0">
  <project timestamp="1763257987068" name="All files">
    <metrics statements="260" coveredstatements="187" conditionals="79" coveredconditionals="40" methods="94" coveredmethods="58" elements="433" coveredelements="285" complexity="0" loc="260" ncloc="260" packages="13" files="15" classes="15"/>
    <package name="components.aboutme">
      <metrics statements="8" coveredstatements="8" conditionals="0" coveredconditionals="0" methods="2" coveredmethods="2"/>
      <file name="aboutme.tsx" path="D:\users\Jair\Documentos\Proyectos\Personales\Portfolio\portfolioja\src\components\aboutme\aboutme.tsx">
        <metrics statements="8" coveredstatements="8" conditionals="0" coveredconditionals="0" methods="2" coveredmethods="2"/>
        <line num="3" count="1" type="stmt"/>
        <line num="4" count="1" type="stmt"/>
        <line num="5" count="1" type="stmt"/>
        <line num="6" count="1" type="stmt"/>
        <line num="9" count="1" type="stmt"/>
        <line num="10" count="6" type="stmt"/>
        <line num="23" count="18" type="stmt"/>
        <line num="34" count="1" type="stmt"/>
      </file>
    </package>
    <package name="components.common">
      <metrics statements="60" coveredstatements="55" conditionals="11" coveredconditionals="9" methods="16" coveredmethods="15"/>
      <file name="text-config.ts" path="D:\users\Jair\Documentos\Proyectos\Personales\Portfolio\portfolioja\src\components\common\text-config.ts">
        <metrics statements="20" coveredstatements="16" conditionals="2" coveredconditionals="1" methods="7" coveredmethods="6"/>
        <line num="2" count="2" type="stmt"/>
        <line num="24" count="2" type="stmt"/>
        <line num="25" count="19" type="stmt"/>
        <line num="27" count="19" type="stmt"/>
        <line num="28" count="56" type="stmt"/>
        <line num="29" count="56" type="stmt"/>
        <line num="31" count="56" type="stmt"/>
        <line num="32" count="2" type="stmt"/>
        <line num="33" count="2" type="stmt"/>
        <line num="35" count="0" type="stmt"/>
        <line num="36" count="0" type="stmt"/>
        <line num="41" count="0" type="stmt"/>
        <line num="42" count="0" type="stmt"/>
        <line num="46" count="19" type="cond" truecount="1" falsecount="1"/>
        <line num="48" count="55" type="stmt"/>
        <line num="49" count="55" type="stmt"/>
        <line num="53" count="19" type="stmt"/>
        <line num="60" count="2" type="stmt"/>
        <line num="61" count="36" type="stmt"/>
        <line num="62" count="18" type="stmt"/>
      </file>
      <file name="text-formatter.ts" path="D:\users\Jair\Documentos\Proyectos\Personales\Portfolio\portfolioja\src\components\common\text-formatter.ts">
        <metrics statements="40" coveredstatements="39" conditionals="9" coveredconditionals="8" methods="9" coveredmethods="9"/>
        <line num="20" count="2" type="stmt"/>
        <line num="26" count="28" type="stmt"/>
        <line num="27" count="28" type="stmt"/>
        <line num="29" count="28" type="stmt"/>
        <line num="30" count="84" type="stmt"/>
        <line num="31" count="84" type="stmt"/>
        <line num="34" count="28" type="stmt"/>
        <line num="35" count="84" type="stmt"/>
        <line num="36" count="112" type="stmt"/>
        <line num="40" count="28" type="stmt"/>
        <line num="41" count="28" type="stmt"/>
        <line num="43" count="28" type="stmt"/>
        <line num="44" count="86" type="stmt"/>
        <line num="46" count="86" type="stmt"/>
        <line num="47" count="219" type="cond" truecount="1" falsecount="0"/>
        <line num="48" count="36" type="stmt"/>
        <line num="50" count="36" type="cond" truecount="1" falsecount="0"/>
        <line num="51" count="36" type="stmt"/>
        <line num="52" count="36" type="stmt"/>
        <line num="54" count="36" type="stmt"/>
        <line num="55" count="36" type="stmt"/>
        <line num="56" count="36" type="stmt"/>
        <line num="57" count="36" type="stmt"/>
        <line num="62" count="86" type="cond" truecount="1" falsecount="0"/>
        <line num="63" count="50" type="stmt"/>
        <line num="64" count="50" type="stmt"/>
        <line num="66" count="1837" type="stmt"/>
        <line num="68" count="590" type="stmt"/>
        <line num="71" count="50" type="stmt"/>
        <line num="72" count="50" type="stmt"/>
        <line num="73" count="50" type="stmt"/>
        <line num="77" count="28" type="stmt"/>
        <line num="81" count="36" type="stmt"/>
        <line num="82" count="486" type="cond" truecount="1" falsecount="0"/>
        <line num="83" count="36" type="stmt"/>
        <line num="86" count="0" type="stmt"/>
        <line num="91" count="5" type="stmt"/>
        <line num="93" count="15" type="cond" truecount="1" falsecount="0"/>
        <line num="94" count="7" type="stmt"/>
        <line num="95" count="7" type="cond" truecount="1" falsecount="1"/>
      </file>
    </package>
    <package name="components.common.lazy-load">
      <metrics statements="25" coveredstatements="18" conditionals="11" coveredconditionals="4" methods="5" coveredmethods="4"/>
      <file name="index.ts" path="D:\users\Jair\Documentos\Proyectos\Personales\Portfolio\portfolioja\src\components\common\lazy-load\index.ts">
        <metrics statements="1" coveredstatements="1" conditionals="0" coveredconditionals="0" methods="1" coveredmethods="1"/>
        <line num="1" count="69" type="stmt"/>
      </file>
      <file name="lazy-load.tsx" path="D:\users\Jair\Documentos\Proyectos\Personales\Portfolio\portfolioja\src\components\common\lazy-load\lazy-load.tsx">
        <metrics statements="24" coveredstatements="17" conditionals="11" coveredconditionals="4" methods="4" coveredmethods="3"/>
        <line num="1" count="1" type="stmt"/>
        <line num="2" count="1" type="stmt"/>
        <line num="11" count="1" type="stmt"/>
        <line num="17" count="68" type="stmt"/>
        <line num="18" count="68" type="stmt"/>
        <line num="19" count="68" type="stmt"/>
        <line num="21" count="68" type="stmt"/>
        <line num="22" count="64" type="cond" truecount="0" falsecount="1"/>
        <line num="23" count="0" type="stmt"/>
        <line num="24" count="0" type="stmt"/>
        <line num="25" count="0" type="stmt"/>
        <line num="28" count="64" type="stmt"/>
        <line num="30" count="0" type="cond" truecount="0" falsecount="3"/>
        <line num="31" count="0" type="stmt"/>
        <line num="32" count="0" type="stmt"/>
        <line num="34" count="0" type="stmt"/>
        <line num="43" count="64" type="stmt"/>
        <line num="44" count="64" type="cond" truecount="1" falsecount="0"/>
        <line num="45" count="64" type="stmt"/>
        <line num="48" count="64" type="stmt"/>
        <line num="49" count="64" type="cond" truecount="1" falsecount="0"/>
        <line num="50" count="64" type="stmt"/>
        <line num="55" count="68" type="stmt"/>
        <line num="65" count="1" type="stmt"/>
      </file>
    </package>
    <package name="components.common.pharagraph">
      <metrics statements="20" coveredstatements="16" conditionals="6" coveredconditionals="1" methods="4" coveredmethods="3"/>
      <file name="paragraph.tsx" path="D:\users\Jair\Documentos\Proyectos\Personales\Portfolio\portfolioja\src\components\common\pharagraph\paragraph.tsx">
        <metrics statements="20" coveredstatements="16" conditionals="6" coveredconditionals="1" methods="4" coveredmethods="3"/>
        <line num="1" count="1" type="stmt"/>
        <line num="2" count="1" type="stmt"/>
        <line num="3" count="1" type="stmt"/>
        <line num="10" count="1" type="cond" truecount="0" falsecount="1"/>
        <line num="11" count="18" type="stmt"/>
        <line num="12" count="18" type="stmt"/>
        <line num="14" count="18" type="stmt"/>
        <line num="15" count="18" type="stmt"/>
        <line num="16" count="18" type="stmt"/>
        <line num="17" count="18" type="stmt"/>
        <line num="18" count="18" type="stmt"/>
        <line num="19" count="18" type="stmt"/>
        <line num="20" count="18" type="stmt"/>
        <line num="21" count="18" type="stmt"/>
        <line num="23" count="18" type="stmt"/>
        <line num="26" count="18" type="cond" truecount="1" falsecount="0"/>
        <line num="28" count="0" type="stmt"/>
        <line num="31" count="0" type="stmt"/>
        <line num="33" count="0" type="cond" truecount="0" falsecount="2"/>
        <line num="34" count="0" type="cond" truecount="0" falsecount="2"/>
      </file>
    </package>
    <package name="components.experiences">
      <metrics statements="18" coveredstatements="18" conditionals="13" coveredconditionals="13" methods="8" coveredmethods="8"/>
      <file name="experience.tsx" path="D:\users\Jair\Documentos\Proyectos\Personales\Portfolio\portfolioja\src\components\experiences\experience.tsx">
        <metrics statements="18" coveredstatements="18" conditionals="13" coveredconditionals="13" methods="8" coveredmethods="8"/>
        <line num="1" count="1" type="stmt"/>
        <line num="2" count="1" type="stmt"/>
        <line num="5" count="1" type="stmt"/>
        <line num="6" count="20" type="stmt"/>
        <line num="7" count="20" type="stmt"/>
        <line num="8" count="20" type="stmt"/>
        <line num="10" count="20" type="stmt"/>
        <line num="11" count="6" type="stmt"/>
        <line num="14" count="20" type="stmt"/>
        <line num="15" count="1" type="stmt"/>
        <line num="18" count="20" type="stmt"/>
        <line num="20" count="20" type="stmt"/>
        <line num="51" count="51" type="stmt"/>
        <line num="83" count="1" type="stmt"/>
        <line num="84" count="51" type="stmt"/>
        <line num="95" count="71" type="stmt"/>
        <line num="104" count="65" type="stmt"/>
        <line num="139" count="1" type="stmt"/>
      </file>
    </package>
    <package name="components.footer">
      <metrics statements="5" coveredstatements="5" conditionals="0" coveredconditionals="0" methods="1" coveredmethods="1"/>
      <file name="footer.tsx" path="D:\users\Jair\Documentos\Proyectos\Personales\Portfolio\portfolioja\src\components\footer\footer.tsx">
        <metrics statements="5" coveredstatements="5" conditionals="0" coveredconditionals="0" methods="1" coveredmethods="1"/>
        <line num="1" count="1" type="stmt"/>
        <line num="3" count="1" type="stmt"/>
        <line num="4" count="14" type="stmt"/>
        <line num="6" count="14" type="stmt"/>
        <line num="82" count="1" type="stmt"/>
      </file>
    </package>
    <package name="components.header">
      <metrics statements="23" coveredstatements="20" conditionals="4" coveredconditionals="3" methods="9" coveredmethods="7"/>
      <file name="header.tsx" path="D:\users\Jair\Documentos\Proyectos\Personales\Portfolio\portfolioja\src\components\header\header.tsx">
        <metrics statements="23" coveredstatements="20" conditionals="4" coveredconditionals="3" methods="9" coveredmethods="7"/>
        <line num="1" count="1" type="stmt"/>
        <line num="2" count="1" type="stmt"/>
        <line num="4" count="1" type="stmt"/>
        <line num="5" count="15" type="stmt"/>
        <line num="7" count="15" type="stmt"/>
        <line num="8" count="15" type="stmt"/>
        <line num="14" count="15" type="stmt"/>
        <line num="15" count="0" type="stmt"/>
        <line num="16" count="0" type="cond" truecount="0" falsecount="1"/>
        <line num="17" count="0" type="stmt"/>
        <line num="22" count="15" type="stmt"/>
        <line num="25" count="15" type="stmt"/>
        <line num="26" count="15" type="stmt"/>
        <line num="27" count="75" type="stmt"/>
        <line num="28" count="75" type="cond" truecount="1" falsecount="0"/>
        <line num="31" count="15" type="stmt"/>
        <line num="34" count="15" type="stmt"/>
        <line num="68" count="75" type="cond" truecount="2" falsecount="0"/>
        <line num="81" count="1" type="stmt"/>
        <line num="84" count="1" type="stmt"/>
        <line num="85" count="15" type="stmt"/>
        <line num="97" count="1" type="stmt"/>
        <line num="98" count="15" type="stmt"/>
      </file>
    </package>
    <package name="components.skills">
      <metrics statements="25" coveredstatements="25" conditionals="15" coveredconditionals="8" methods="8" coveredmethods="8"/>
      <file name="skills.tsx" path="D:\users\Jair\Documentos\Proyectos\Personales\Portfolio\portfolioja\src\components\skills\skills.tsx">
        <metrics statements="25" coveredstatements="25" conditionals="15" coveredconditionals="8" methods="8" coveredmethods="8"/>
        <line num="1" count="1" type="stmt"/>
        <line num="2" count="1" type="stmt"/>
        <line num="4" count="1" type="stmt"/>
        <line num="5" count="1" type="stmt"/>
        <line num="7" count="1" type="stmt"/>
        <line num="8" count="68" type="stmt"/>
        <line num="17" count="68" type="stmt"/>
        <line num="19" count="68" type="stmt"/>
        <line num="22" count="340" type="stmt"/>
        <line num="33" count="1" type="stmt"/>
        <line num="34" count="68" type="stmt"/>
        <line num="36" count="68" type="stmt"/>
        <line num="37" count="4" type="stmt"/>
        <line num="40" count="68" type="stmt"/>
        <line num="63" count="1" type="stmt"/>
        <line num="64" count="16" type="stmt"/>
        <line num="66" count="16" type="stmt"/>
        <line num="67" count="64" type="cond" truecount="1" falsecount="0"/>
        <line num="68" count="64" type="stmt"/>
        <line num="70" count="64" type="stmt"/>
        <line num="71" count="64" type="stmt"/>
        <line num="74" count="16" type="stmt"/>
        <line num="82" count="64" type="stmt"/>
        <line num="95" count="64" type="stmt"/>
        <line num="106" count="1" type="stmt"/>
      </file>
    </package>
    <package name="domain.repositories">
      <metrics statements="7" coveredstatements="5" conditionals="3" coveredconditionals="1" methods="1" coveredmethods="1"/>
      <file name="PortfolioRepositoryFactory.ts" path="D:\users\Jair\Documentos\Proyectos\Personales\Portfolio\portfolioja\src\domain\repositories\PortfolioRepositoryFactory.ts">
        <metrics statements="7" coveredstatements="5" conditionals="3" coveredconditionals="1" methods="1" coveredmethods="1"/>
        <line num="2" count="1" type="stmt"/>
        <line num="3" count="1" type="stmt"/>
        <line num="8" count="1" type="stmt"/>
        <line num="10" count="1" type="cond" truecount="1" falsecount="2"/>
        <line num="12" count="1" type="stmt"/>
        <line num="14" count="0" type="stmt"/>
        <line num="18" count="0" type="stmt"/>
      </file>
    </package>
    <package name="domain.services">
      <metrics statements="10" coveredstatements="5" conditionals="1" coveredconditionals="1" methods="8" coveredmethods="3"/>
      <file name="PortfolioService.ts" path="D:\users\Jair\Documentos\Proyectos\Personales\Portfolio\portfolioja\src\domain\services\PortfolioService.ts">
        <metrics statements="10" coveredstatements="5" conditionals="1" coveredconditionals="1" methods="8" coveredmethods="3"/>
        <line num="2" count="1" type="stmt"/>
        <line num="8" count="1" type="stmt"/>
        <line num="12" count="1" type="stmt"/>
        <line num="16" count="1" type="stmt"/>
        <line num="20" count="1" type="stmt"/>
        <line num="24" count="0" type="stmt"/>
        <line num="28" count="0" type="stmt"/>
        <line num="32" count="0" type="stmt"/>
        <line num="36" count="0" type="stmt"/>
        <line num="40" count="0" type="stmt"/>
      </file>
    </package>
    <package name="infrastructure.api">
      <metrics statements="21" coveredstatements="5" conditionals="9" coveredconditionals="0" methods="7" coveredmethods="2"/>
      <file name="ApiPortfolioRepository.ts" path="D:\users\Jair\Documentos\Proyectos\Personales\Portfolio\portfolioja\src\infrastructure\api\ApiPortfolioRepository.ts">
        <metrics statements="21" coveredstatements="5" conditionals="9" coveredconditionals="0" methods="7" coveredmethods="2"/>
        <line num="7" count="2" type="stmt"/>
        <line num="11" count="1" type="stmt"/>
        <line num="15" count="1" type="stmt"/>
        <line num="17" count="1" type="cond" truecount="0" falsecount="1"/>
        <line num="18" count="0" type="stmt"/>
        <line num="21" count="1" type="stmt"/>
        <line num="25" count="0" type="stmt"/>
        <line num="33" count="0" type="cond" truecount="0" falsecount="1"/>
        <line num="34" count="0" type="stmt"/>
        <line num="39" count="0" type="stmt"/>
        <line num="47" count="0" type="cond" truecount="0" falsecount="1"/>
        <line num="48" count="0" type="stmt"/>
        <line num="53" count="0" type="stmt"/>
        <line num="61" count="0" type="cond" truecount="0" falsecount="1"/>
        <line num="62" count="0" type="stmt"/>
        <line num="67" count="0" type="stmt"/>
        <line num="75" count="0" type="cond" truecount="0" falsecount="1"/>
        <line num="76" count="0" type="stmt"/>
        <line num="81" count="0" type="stmt"/>
        <line num="89" count="0" type="cond" truecount="0" falsecount="1"/>
        <line num="90" count="0" type="stmt"/>
      </file>
    </package>
    <package name="infrastructure.json">
      <metrics statements="37" coveredstatements="6" conditionals="6" coveredconditionals="0" methods="25" coveredmethods="4"/>
      <file name="JsonPortfolioRepository.ts" path="D:\users\Jair\Documentos\Proyectos\Personales\Portfolio\portfolioja\src\infrastructure\json\JsonPortfolioRepository.ts">
        <metrics statements="37" coveredstatements="6" conditionals="6" coveredconditionals="0" methods="25" coveredmethods="4"/>
        <line num="3" count="2" type="stmt"/>
        <line num="8" count="2" type="stmt"/>
        <line num="12" count="1" type="stmt"/>
        <line num="17" count="1" type="stmt"/>
        <line num="18" count="1" type="stmt"/>
        <line num="19" count="1" type="stmt"/>
        <line num="25" count="0" type="stmt"/>
        <line num="26" count="0" type="stmt"/>
        <line num="27" count="0" type="stmt"/>
        <line num="28" count="0" type="stmt"/>
        <line num="29" count="0" type="stmt"/>
        <line num="35" count="0" type="stmt"/>
        <line num="36" count="0" type="stmt"/>
        <line num="37" count="0" type="stmt"/>
        <line num="38" count="0" type="stmt"/>
        <line num="39" count="0" type="cond" truecount="0" falsecount="2"/>
        <line num="41" count="0" type="stmt"/>
        <line num="42" count="0" type="stmt"/>
        <line num="48" count="0" type="stmt"/>
        <line num="49" count="0" type="stmt"/>
        <line num="50" count="0" type="stmt"/>
        <line num="51" count="0" type="stmt"/>
        <line num="52" count="0" type="cond" truecount="0" falsecount="2"/>
        <line num="54" count="0" type="stmt"/>
        <line num="55" count="0" type="stmt"/>
        <line num="61" count="0" type="stmt"/>
        <line num="62" count="0" type="stmt"/>
        <line num="63" count="0" type="stmt"/>
        <line num="64" count="0" type="stmt"/>
        <line num="65" count="0" type="cond" truecount="0" falsecount="2"/>
        <line num="67" count="0" type="stmt"/>
        <line num="68" count="0" type="stmt"/>
        <line num="74" count="0" type="stmt"/>
        <line num="75" count="0" type="stmt"/>
        <line num="76" count="0" type="stmt"/>
        <line num="77" count="0" type="stmt"/>
        <line num="78" count="0" type="stmt"/>
      </file>
    </package>
    <package name="tests">
      <metrics statements="1" coveredstatements="1" conditionals="0" coveredconditionals="0" methods="0" coveredmethods="0"/>
      <file name="testData.ts" path="D:\users\Jair\Documentos\Proyectos\Personales\Portfolio\portfolioja\src\tests\testData.ts">
        <metrics statements="1" coveredstatements="1" conditionals="0" coveredconditionals="0" methods="0" coveredmethods="0"/>
        <line num="3" count="2" type="stmt"/>
      </file>
    </package>
  </project>
</coverage>
