{"D:\\users\\Jair\\Documentos\\Proyectos\\Personales\\Portfolio\\portfolioja\\src\\components\\common\\text-config.ts": {"path":"D:\\users\\Jair\\Documentos\\Proyectos\\Personales\\Portfolio\\portfolioja\\src\\components\\common\\text-config.ts","statementMap":{"0":{"start":{"line":2,"column":0},"end":{"line":2,"column":26}},"1":{"start":{"line":24,"column":26},"end":{"line":57,"column":1}},"2":{"start":{"line":25,"column":93},"end":{"line":25,"column":95}},"3":{"start":{"line":27,"column":2},"end":{"line":44,"column":5}},"4":{"start":{"line":28,"column":4},"end":{"line":43,"column":5}},"5":{"start":{"line":29,"column":30},"end":{"line":29,"column":190}},"6":{"start":{"line":31,"column":6},"end":{"line":39,"column":8}},"7":{"start":{"line":32,"column":8},"end":{"line":37,"column":9}},"8":{"start":{"line":33,"column":10},"end":{"line":33,"column":50}},"9":{"start":{"line":35,"column":10},"end":{"line":35,"column":79}},"10":{"start":{"line":36,"column":10},"end":{"line":36,"column":61}},"11":{"start":{"line":41,"column":6},"end":{"line":41,"column":70}},"12":{"start":{"line":42,"column":6},"end":{"line":42,"column":89}},"13":{"start":{"line":42,"column":45},"end":{"line":42,"column":88}},"14":{"start":{"line":46,"column":23},"end":{"line":51,"column":23}},"15":{"start":{"line":48,"column":8},"end":{"line":48,"column":31}},"16":{"start":{"line":49,"column":8},"end":{"line":49,"column":19}},"17":{"start":{"line":53,"column":2},"end":{"line":56,"column":4}},"18":{"start":{"line":24,"column":13},"end":{"line":24,"column":26}},"19":{"start":{"line":60,"column":33},"end":{"line":63,"column":1}},"20":{"start":{"line":61,"column":17},"end":{"line":61,"column":57}},"21":{"start":{"line":62,"column":2},"end":{"line":62,"column":17}},"22":{"start":{"line":60,"column":13},"end":{"line":60,"column":33}}},"fnMap":{"0":{"name":"(anonymous_10)","decl":{"start":{"line":24,"column":26},"end":{"line":24,"column":27}},"loc":{"start":{"line":24,"column":49},"end":{"line":57,"column":1}}},"1":{"name":"(anonymous_11)","decl":{"start":{"line":27,"column":43},"end":{"line":27,"column":44}},"loc":{"start":{"line":27,"column":67},"end":{"line":44,"column":3}}},"2":{"name":"(anonymous_12)","decl":{"start":{"line":31,"column":31},"end":{"line":31,"column":32}},"loc":{"start":{"line":31,"column":44},"end":{"line":39,"column":7}}},"3":{"name":"(anonymous_13)","decl":{"start":{"line":42,"column":31},"end":{"line":42,"column":32}},"loc":{"start":{"line":42,"column":45},"end":{"line":42,"column":88}}},"4":{"name":"(anonymous_14)","decl":{"start":{"line":47,"column":31},"end":{"line":47,"column":32}},"loc":{"start":{"line":47,"column":45},"end":{"line":50,"column":7}}},"5":{"name":"(anonymous_15)","decl":{"start":{"line":60,"column":33},"end":{"line":60,"column":38}},"loc":{"start":{"line":60,"column":65},"end":{"line":63,"column":1}}},"6":{"name":"(anonymous_16)","decl":{"start":{"line":61,"column":17},"end":{"line":61,"column":30}},"loc":{"start":{"line":61,"column":17},"end":{"line":61,"column":57}}}},"branchMap":{"0":{"loc":{"start":{"line":46,"column":23},"end":{"line":51,"column":23}},"type":"cond-expr","locations":[{"start":{"line":47,"column":6},"end":{"line":50,"column":28}},{"start":{"line":51,"column":6},"end":{"line":51,"column":23}}]}},"s":{"0":1,"1":1,"2":1,"3":1,"4":2,"5":2,"6":2,"7":2,"8":2,"9":0,"10":0,"11":0,"12":0,"13":0,"14":1,"15":1,"16":1,"17":1,"18":1,"19":1,"20":0,"21":0,"22":1},"f":{"0":1,"1":2,"2":2,"3":0,"4":1,"5":0,"6":0},"b":{"0":[1,0]}}
,"D:\\users\\Jair\\Documentos\\Proyectos\\Personales\\Portfolio\\portfolioja\\src\\components\\common\\text-formatter.ts": {"path":"D:\\users\\Jair\\Documentos\\Proyectos\\Personales\\Portfolio\\portfolioja\\src\\components\\common\\text-formatter.ts","statementMap":{"0":{"start":{"line":26,"column":4},"end":{"line":26,"column":38}},"1":{"start":{"line":27,"column":4},"end":{"line":27,"column":38}},"2":{"start":{"line":29,"column":4},"end":{"line":32,"column":7}},"3":{"start":{"line":30,"column":6},"end":{"line":30,"column":57}},"4":{"start":{"line":31,"column":6},"end":{"line":31,"column":57}},"5":{"start":{"line":34,"column":4},"end":{"line":36,"column":43}},"6":{"start":{"line":35,"column":19},"end":{"line":35,"column":30}},"7":{"start":{"line":36,"column":22},"end":{"line":36,"column":41}},"8":{"start":{"line":40,"column":36},"end":{"line":40,"column":38}},"9":{"start":{"line":41,"column":16},"end":{"line":41,"column":17}},"10":{"start":{"line":43,"column":4},"end":{"line":75,"column":5}},"11":{"start":{"line":44,"column":20},"end":{"line":44,"column":25}},"12":{"start":{"line":46,"column":6},"end":{"line":60,"column":7}},"13":{"start":{"line":47,"column":8},"end":{"line":59,"column":9}},"14":{"start":{"line":48,"column":22},"end":{"line":48,"column":81}},"15":{"start":{"line":50,"column":10},"end":{"line":58,"column":11}},"16":{"start":{"line":51,"column":33},"end":{"line":51,"column":75}},"17":{"start":{"line":52,"column":26},"end":{"line":52,"column":59}},"18":{"start":{"line":54,"column":12},"end":{"line":54,"column":63}},"19":{"start":{"line":55,"column":12},"end":{"line":55,"column":40}},"20":{"start":{"line":56,"column":12},"end":{"line":56,"column":27}},"21":{"start":{"line":57,"column":12},"end":{"line":57,"column":18}},"22":{"start":{"line":62,"column":6},"end":{"line":74,"column":7}},"23":{"start":{"line":63,"column":24},"end":{"line":63,"column":33}},"24":{"start":{"line":64,"column":8},"end":{"line":69,"column":9}},"25":{"start":{"line":66,"column":40},"end":{"line":66,"column":69}},"26":{"start":{"line":68,"column":10},"end":{"line":68,"column":22}},"27":{"start":{"line":71,"column":26},"end":{"line":71,"column":58}},"28":{"start":{"line":72,"column":8},"end":{"line":72,"column":41}},"29":{"start":{"line":73,"column":8},"end":{"line":73,"column":26}},"30":{"start":{"line":77,"column":4},"end":{"line":77,"column":18}},"31":{"start":{"line":81,"column":4},"end":{"line":85,"column":5}},"32":{"start":{"line":81,"column":17},"end":{"line":81,"column":27}},"33":{"start":{"line":82,"column":6},"end":{"line":84,"column":7}},"34":{"start":{"line":83,"column":8},"end":{"line":83,"column":17}},"35":{"start":{"line":86,"column":4},"end":{"line":86,"column":14}},"36":{"start":{"line":91,"column":4},"end":{"line":99,"column":16}},"37":{"start":{"line":93,"column":8},"end":{"line":93,"column":33}},"38":{"start":{"line":93,"column":21},"end":{"line":93,"column":33}},"39":{"start":{"line":94,"column":25},"end":{"line":94,"column":48}},"40":{"start":{"line":95,"column":8},"end":{"line":97,"column":17}},"41":{"start":{"line":20,"column":0},"end":{"line":20,"column":13}}},"fnMap":{"0":{"name":"(anonymous_0)","decl":{"start":{"line":25,"column":2},"end":{"line":25,"column":14}},"loc":{"start":{"line":25,"column":34},"end":{"line":37,"column":3}}},"1":{"name":"(anonymous_1)","decl":{"start":{"line":29,"column":34},"end":{"line":29,"column":38}},"loc":{"start":{"line":29,"column":41},"end":{"line":32,"column":5}}},"2":{"name":"(anonymous_2)","decl":{"start":{"line":35,"column":11},"end":{"line":35,"column":15}},"loc":{"start":{"line":35,"column":19},"end":{"line":35,"column":30}}},"3":{"name":"(anonymous_3)","decl":{"start":{"line":36,"column":12},"end":{"line":36,"column":13}},"loc":{"start":{"line":36,"column":22},"end":{"line":36,"column":41}}},"4":{"name":"(anonymous_4)","decl":{"start":{"line":39,"column":9},"end":{"line":39,"column":14}},"loc":{"start":{"line":39,"column":27},"end":{"line":78,"column":3}}},"5":{"name":"(anonymous_5)","decl":{"start":{"line":66,"column":35},"end":{"line":66,"column":36}},"loc":{"start":{"line":66,"column":40},"end":{"line":66,"column":69}}},"6":{"name":"(anonymous_6)","decl":{"start":{"line":80,"column":10},"end":{"line":80,"column":27}},"loc":{"start":{"line":80,"column":76},"end":{"line":87,"column":3}}},"7":{"name":"(anonymous_7)","decl":{"start":{"line":90,"column":9},"end":{"line":90,"column":19}},"loc":{"start":{"line":90,"column":79},"end":{"line":100,"column":3}}},"8":{"name":"(anonymous_8)","decl":{"start":{"line":92,"column":11},"end":{"line":92,"column":12}},"loc":{"start":{"line":92,"column":32},"end":{"line":98,"column":7}}}},"branchMap":{"0":{"loc":{"start":{"line":47,"column":8},"end":{"line":59,"column":9}},"type":"if","locations":[{"start":{"line":47,"column":8},"end":{"line":59,"column":9}}]},"1":{"loc":{"start":{"line":50,"column":10},"end":{"line":58,"column":11}},"type":"if","locations":[{"start":{"line":50,"column":10},"end":{"line":58,"column":11}}]},"2":{"loc":{"start":{"line":62,"column":6},"end":{"line":74,"column":7}},"type":"if","locations":[{"start":{"line":62,"column":6},"end":{"line":74,"column":7}}]},"3":{"loc":{"start":{"line":65,"column":10},"end":{"line":66,"column":70}},"type":"binary-expr","locations":[{"start":{"line":65,"column":10},"end":{"line":65,"column":33}},{"start":{"line":66,"column":10},"end":{"line":66,"column":70}}]},"4":{"loc":{"start":{"line":82,"column":6},"end":{"line":84,"column":7}},"type":"if","locations":[{"start":{"line":82,"column":6},"end":{"line":84,"column":7}}]},"5":{"loc":{"start":{"line":93,"column":8},"end":{"line":93,"column":33}},"type":"if","locations":[{"start":{"line":93,"column":8},"end":{"line":93,"column":33}}]},"6":{"loc":{"start":{"line":95,"column":15},"end":{"line":97,"column":16}},"type":"cond-expr","locations":[{"start":{"line":96,"column":12},"end":{"line":96,"column":48}},{"start":{"line":97,"column":12},"end":{"line":97,"column":16}}]}},"s":{"0":10,"1":10,"2":10,"3":30,"4":30,"5":10,"6":30,"7":40,"8":10,"9":10,"10":10,"11":26,"12":26,"13":63,"14":12,"15":12,"16":12,"17":12,"18":12,"19":12,"20":12,"21":12,"22":26,"23":14,"24":14,"25":331,"26":104,"27":14,"28":14,"29":14,"30":10,"31":12,"32":12,"33":114,"34":12,"35":0,"36":5,"37":15,"38":8,"39":7,"40":7,"41":1},"f":{"0":10,"1":30,"2":30,"3":40,"4":10,"5":331,"6":12,"7":5,"8":15},"b":{"0":[12],"1":[12],"2":[14],"3":[118,114],"4":[12],"5":[8],"6":[7,0]}}
,"D:\\users\\Jair\\Documentos\\Proyectos\\Personales\\Portfolio\\portfolioja\\src\\components\\common\\lazy-load\\index.ts": {"path":"D:\\users\\Jair\\Documentos\\Proyectos\\Personales\\Portfolio\\portfolioja\\src\\components\\common\\lazy-load\\index.ts","statementMap":{"0":{"start":{"line":1,"column":0},"end":{"line":1,"column":9}},"1":{"start":{"line":1,"column":9},"end":{"line":1,"column":28}}},"fnMap":{"0":{"name":"(anonymous_1)","decl":{"start":{"line":1,"column":9},"end":{"line":1,"column":16}},"loc":{"start":{"line":1,"column":9},"end":{"line":1,"column":28}}}},"branchMap":{},"s":{"0":1,"1":69},"f":{"0":68},"b":{}}
,"D:\\users\\Jair\\Documentos\\Proyectos\\Personales\\Portfolio\\portfolioja\\src\\components\\common\\lazy-load\\lazy-load.tsx": {"path":"D:\\users\\Jair\\Documentos\\Proyectos\\Personales\\Portfolio\\portfolioja\\src\\components\\common\\lazy-load\\lazy-load.tsx","statementMap":{"0":{"start":{"line":1,"column":0},"end":{"line":1,"column":59}},"1":{"start":{"line":2,"column":0},"end":{"line":2,"column":25}},"2":{"start":{"line":11,"column":42},"end":{"line":63,"column":1}},"3":{"start":{"line":17,"column":36},"end":{"line":17,"column":51}},"4":{"start":{"line":18,"column":40},"end":{"line":18,"column":55}},"5":{"start":{"line":19,"column":21},"end":{"line":19,"column":49}},"6":{"start":{"line":21,"column":2},"end":{"line":53,"column":43}},"7":{"start":{"line":22,"column":4},"end":{"line":26,"column":5}},"8":{"start":{"line":23,"column":6},"end":{"line":23,"column":25}},"9":{"start":{"line":24,"column":6},"end":{"line":24,"column":27}},"10":{"start":{"line":25,"column":6},"end":{"line":25,"column":13}},"11":{"start":{"line":28,"column":21},"end":{"line":40,"column":null}},"12":{"start":{"line":30,"column":8},"end":{"line":35,"column":9}},"13":{"start":{"line":31,"column":10},"end":{"line":31,"column":29}},"14":{"start":{"line":32,"column":10},"end":{"line":32,"column":31}},"15":{"start":{"line":34,"column":10},"end":{"line":34,"column":32}},"16":{"start":{"line":43,"column":27},"end":{"line":43,"column":45}},"17":{"start":{"line":44,"column":4},"end":{"line":46,"column":5}},"18":{"start":{"line":45,"column":6},"end":{"line":45,"column":39}},"19":{"start":{"line":48,"column":4},"end":{"line":52,"column":6}},"20":{"start":{"line":49,"column":6},"end":{"line":51,"column":7}},"21":{"start":{"line":50,"column":8},"end":{"line":50,"column":43}},"22":{"start":{"line":55,"column":2},"end":{"line":62,"column":4}},"23":{"start":{"line":65,"column":0},"end":{"line":65,"column":24}}},"fnMap":{"0":{"name":"(anonymous_0)","decl":{"start":{"line":11,"column":42},"end":{"line":11,"column":43}},"loc":{"start":{"line":16,"column":5},"end":{"line":63,"column":1}}},"1":{"name":"(anonymous_1)","decl":{"start":{"line":21,"column":12},"end":{"line":21,"column":15}},"loc":{"start":{"line":21,"column":17},"end":{"line":53,"column":3}}},"2":{"name":"(anonymous_2)","decl":{"start":{"line":29,"column":6},"end":{"line":29,"column":7}},"loc":{"start":{"line":29,"column":18},"end":{"line":36,"column":7}}},"3":{"name":"(anonymous_3)","decl":{"start":{"line":48,"column":11},"end":{"line":48,"column":14}},"loc":{"start":{"line":48,"column":16},"end":{"line":52,"column":5}}}},"branchMap":{"0":{"loc":{"start":{"line":13,"column":2},"end":{"line":13,"column":17}},"type":"default-arg","locations":[{"start":{"line":13,"column":14},"end":{"line":13,"column":17}}]},"1":{"loc":{"start":{"line":14,"column":2},"end":{"line":14,"column":21}},"type":"default-arg","locations":[{"start":{"line":14,"column":15},"end":{"line":14,"column":21}}]},"2":{"loc":{"start":{"line":15,"column":2},"end":{"line":15,"column":16}},"type":"default-arg","locations":[{"start":{"line":15,"column":14},"end":{"line":15,"column":16}}]},"3":{"loc":{"start":{"line":22,"column":4},"end":{"line":26,"column":5}},"type":"if","locations":[{"start":{"line":22,"column":4},"end":{"line":26,"column":5}}]},"4":{"loc":{"start":{"line":30,"column":8},"end":{"line":35,"column":9}},"type":"if","locations":[{"start":{"line":30,"column":8},"end":{"line":35,"column":9}}]},"5":{"loc":{"start":{"line":30,"column":12},"end":{"line":30,"column":48}},"type":"binary-expr","locations":[{"start":{"line":30,"column":12},"end":{"line":30,"column":32}},{"start":{"line":30,"column":36},"end":{"line":30,"column":48}}]},"6":{"loc":{"start":{"line":44,"column":4},"end":{"line":46,"column":5}},"type":"if","locations":[{"start":{"line":44,"column":4},"end":{"line":46,"column":5}}]},"7":{"loc":{"start":{"line":49,"column":6},"end":{"line":51,"column":7}},"type":"if","locations":[{"start":{"line":49,"column":6},"end":{"line":51,"column":7}}]},"8":{"loc":{"start":{"line":58,"column":30},"end":{"line":58,"column":59}},"type":"cond-expr","locations":[{"start":{"line":58,"column":42},"end":{"line":58,"column":54}},{"start":{"line":58,"column":57},"end":{"line":58,"column":59}}]}},"s":{"0":1,"1":1,"2":1,"3":68,"4":68,"5":68,"6":68,"7":64,"8":0,"9":0,"10":0,"11":64,"12":0,"13":0,"14":0,"15":0,"16":64,"17":64,"18":64,"19":64,"20":64,"21":64,"22":68,"23":1},"f":{"0":68,"1":64,"2":0,"3":64},"b":{"0":[0],"1":[0],"2":[68],"3":[0],"4":[0],"5":[0,0],"6":[64],"7":[64],"8":[0,68]}}
,"D:\\users\\Jair\\Documentos\\Proyectos\\Personales\\Portfolio\\portfolioja\\src\\components\\experiences\\experience.tsx": {"path":"D:\\users\\Jair\\Documentos\\Proyectos\\Personales\\Portfolio\\portfolioja\\src\\components\\experiences\\experience.tsx","statementMap":{"0":{"start":{"line":1,"column":0},"end":{"line":1,"column":40}},"1":{"start":{"line":2,"column":0},"end":{"line":2,"column":26}},"2":{"start":{"line":5,"column":62},"end":{"line":81,"column":1}},"3":{"start":{"line":6,"column":42},"end":{"line":6,"column":53}},"4":{"start":{"line":7,"column":29},"end":{"line":7,"column":62}},"5":{"start":{"line":8,"column":23},"end":{"line":8,"column":57}},"6":{"start":{"line":10,"column":25},"end":{"line":12,"column":3}},"7":{"start":{"line":11,"column":4},"end":{"line":11,"column":68}},"8":{"start":{"line":11,"column":28},"end":{"line":11,"column":66}},"9":{"start":{"line":14,"column":25},"end":{"line":16,"column":3}},"10":{"start":{"line":15,"column":4},"end":{"line":15,"column":23}},"11":{"start":{"line":18,"column":29},"end":{"line":18,"column":63}},"12":{"start":{"line":20,"column":2},"end":{"line":80,"column":4}},"13":{"start":{"line":51,"column":12},"end":{"line":51,"column":57}},"14":{"start":{"line":83,"column":74},"end":{"line":137,"column":1}},"15":{"start":{"line":84,"column":2},"end":{"line":136,"column":4}},"16":{"start":{"line":95,"column":14},"end":{"line":95,"column":30}},"17":{"start":{"line":104,"column":16},"end":{"line":104,"column":34}},"18":{"start":{"line":139,"column":0},"end":{"line":139,"column":34}}},"fnMap":{"0":{"name":"(anonymous_0)","decl":{"start":{"line":5,"column":62},"end":{"line":5,"column":63}},"loc":{"start":{"line":5,"column":82},"end":{"line":81,"column":1}}},"1":{"name":"(anonymous_1)","decl":{"start":{"line":10,"column":25},"end":{"line":10,"column":28}},"loc":{"start":{"line":10,"column":30},"end":{"line":12,"column":3}}},"2":{"name":"(anonymous_2)","decl":{"start":{"line":11,"column":20},"end":{"line":11,"column":24}},"loc":{"start":{"line":11,"column":28},"end":{"line":11,"column":66}}},"3":{"name":"(anonymous_3)","decl":{"start":{"line":14,"column":25},"end":{"line":14,"column":28}},"loc":{"start":{"line":14,"column":30},"end":{"line":16,"column":3}}},"4":{"name":"(anonymous_4)","decl":{"start":{"line":50,"column":34},"end":{"line":50,"column":35}},"loc":{"start":{"line":51,"column":12},"end":{"line":51,"column":57}}},"5":{"name":"(anonymous_5)","decl":{"start":{"line":83,"column":74},"end":{"line":83,"column":75}},"loc":{"start":{"line":83,"column":93},"end":{"line":137,"column":1}}},"6":{"name":"(anonymous_6)","decl":{"start":{"line":94,"column":41},"end":{"line":94,"column":42}},"loc":{"start":{"line":95,"column":14},"end":{"line":95,"column":30}}},"7":{"name":"(anonymous_7)","decl":{"start":{"line":103,"column":43},"end":{"line":103,"column":44}},"loc":{"start":{"line":104,"column":16},"end":{"line":104,"column":34}}}},"branchMap":{"0":{"loc":{"start":{"line":27,"column":15},"end":{"line":34,"column":null}},"type":"binary-expr","locations":[{"start":{"line":27,"column":15},"end":{"line":27,"column":33}},{"start":{"line":28,"column":16},"end":{"line":31,"column":null}}]},"1":{"loc":{"start":{"line":36,"column":15},"end":{"line":43,"column":null}},"type":"binary-expr","locations":[{"start":{"line":36,"column":15},"end":{"line":36,"column":27}},{"start":{"line":37,"column":16},"end":{"line":40,"column":null}}]},"2":{"loc":{"start":{"line":55,"column":9},"end":{"line":61,"column":null}},"type":"binary-expr","locations":[{"start":{"line":55,"column":9},"end":{"line":55,"column":27}},{"start":{"line":55,"column":31},"end":{"line":55,"column":44}},{"start":{"line":56,"column":10},"end":{"line":58,"column":null}}]},"3":{"loc":{"start":{"line":64,"column":9},"end":{"line":76,"column":null}},"type":"binary-expr","locations":[{"start":{"line":64,"column":9},"end":{"line":64,"column":21}},{"start":{"line":65,"column":10},"end":{"line":75,"column":null}}]},"4":{"loc":{"start":{"line":101,"column":11},"end":{"line":108,"column":null}},"type":"binary-expr","locations":[{"start":{"line":101,"column":11},"end":{"line":101,"column":45}},{"start":{"line":102,"column":12},"end":{"line":107,"column":null}}]},"5":{"loc":{"start":{"line":111,"column":11},"end":{"line":131,"column":null}},"type":"binary-expr","locations":[{"start":{"line":111,"column":11},"end":{"line":111,"column":26}},{"start":{"line":112,"column":12},"end":{"line":130,"column":null}}]}},"s":{"0":1,"1":1,"2":1,"3":20,"4":20,"5":20,"6":20,"7":6,"8":6,"9":20,"10":1,"11":20,"12":20,"13":51,"14":1,"15":51,"16":71,"17":65,"18":1},"f":{"0":20,"1":6,"2":6,"3":1,"4":51,"5":51,"6":71,"7":65},"b":{"0":[20,13],"1":[20,7],"2":[20,13,13],"3":[20,7],"4":[51,45],"5":[51,20]}}
,"D:\\users\\Jair\\Documentos\\Proyectos\\Personales\\Portfolio\\portfolioja\\src\\components\\footer\\footer.tsx": {"path":"D:\\users\\Jair\\Documentos\\Proyectos\\Personales\\Portfolio\\portfolioja\\src\\components\\footer\\footer.tsx","statementMap":{"0":{"start":{"line":1,"column":0},"end":{"line":1,"column":22}},"1":{"start":{"line":3,"column":22},"end":{"line":80,"column":1}},"2":{"start":{"line":4,"column":22},"end":{"line":4,"column":46}},"3":{"start":{"line":6,"column":2},"end":{"line":79,"column":4}},"4":{"start":{"line":3,"column":13},"end":{"line":3,"column":22}},"5":{"start":{"line":82,"column":0},"end":{"line":82,"column":22}}},"fnMap":{"0":{"name":"(anonymous_0)","decl":{"start":{"line":3,"column":22},"end":{"line":3,"column":25}},"loc":{"start":{"line":3,"column":27},"end":{"line":80,"column":1}}}},"branchMap":{},"s":{"0":1,"1":1,"2":14,"3":14,"4":1,"5":1},"f":{"0":14},"b":{}}
,"D:\\users\\Jair\\Documentos\\Proyectos\\Personales\\Portfolio\\portfolioja\\src\\components\\header\\header.tsx": {"path":"D:\\users\\Jair\\Documentos\\Proyectos\\Personales\\Portfolio\\portfolioja\\src\\components\\header\\header.tsx","statementMap":{"0":{"start":{"line":1,"column":0},"end":{"line":1,"column":44}},"1":{"start":{"line":2,"column":0},"end":{"line":2,"column":22}},"2":{"start":{"line":4,"column":28},"end":{"line":79,"column":3}},"3":{"start":{"line":5,"column":46},"end":{"line":5,"column":63}},"4":{"start":{"line":7,"column":4},"end":{"line":32,"column":11}},"5":{"start":{"line":8,"column":22},"end":{"line":12,"column":8}},"6":{"start":{"line":14,"column":30},"end":{"line":20,"column":7}},"7":{"start":{"line":15,"column":8},"end":{"line":19,"column":11}},"8":{"start":{"line":16,"column":10},"end":{"line":18,"column":11}},"9":{"start":{"line":17,"column":12},"end":{"line":17,"column":46}},"10":{"start":{"line":22,"column":23},"end":{"line":22,"column":73}},"11":{"start":{"line":25,"column":23},"end":{"line":25,"column":79}},"12":{"start":{"line":26,"column":6},"end":{"line":29,"column":9}},"13":{"start":{"line":27,"column":24},"end":{"line":27,"column":56}},"14":{"start":{"line":28,"column":8},"end":{"line":28,"column":47}},"15":{"start":{"line":28,"column":21},"end":{"line":28,"column":47}},"16":{"start":{"line":31,"column":6},"end":{"line":31,"column":41}},"17":{"start":{"line":31,"column":19},"end":{"line":31,"column":40}},"18":{"start":{"line":34,"column":4},"end":{"line":78,"column":6}},"19":{"start":{"line":68,"column":14},"end":{"line":68,"column":27}},"20":{"start":{"line":4,"column":13},"end":{"line":4,"column":28}},"21":{"start":{"line":81,"column":0},"end":{"line":81,"column":28}},"22":{"start":{"line":84,"column":21},"end":{"line":93,"column":null}},"23":{"start":{"line":85,"column":4},"end":{"line":92,"column":null}},"24":{"start":{"line":97,"column":23},"end":{"line":106,"column":null}},"25":{"start":{"line":98,"column":4},"end":{"line":105,"column":null}}},"fnMap":{"0":{"name":"(anonymous_0)","decl":{"start":{"line":4,"column":28},"end":{"line":4,"column":31}},"loc":{"start":{"line":4,"column":33},"end":{"line":79,"column":3}}},"1":{"name":"(anonymous_1)","decl":{"start":{"line":7,"column":14},"end":{"line":7,"column":17}},"loc":{"start":{"line":7,"column":19},"end":{"line":32,"column":5}}},"2":{"name":"(anonymous_2)","decl":{"start":{"line":14,"column":30},"end":{"line":14,"column":31}},"loc":{"start":{"line":14,"column":71},"end":{"line":20,"column":7}}},"3":{"name":"(anonymous_3)","decl":{"start":{"line":15,"column":24},"end":{"line":15,"column":29}},"loc":{"start":{"line":15,"column":32},"end":{"line":19,"column":9}}},"4":{"name":"(anonymous_4)","decl":{"start":{"line":26,"column":23},"end":{"line":26,"column":30}},"loc":{"start":{"line":26,"column":33},"end":{"line":29,"column":7}}},"5":{"name":"(anonymous_5)","decl":{"start":{"line":31,"column":13},"end":{"line":31,"column":16}},"loc":{"start":{"line":31,"column":19},"end":{"line":31,"column":40}}},"6":{"name":"(anonymous_6)","decl":{"start":{"line":67,"column":18},"end":{"line":67,"column":19}},"loc":{"start":{"line":68,"column":14},"end":{"line":68,"column":27}}},"7":{"name":"(anonymous_7)","decl":{"start":{"line":84,"column":21},"end":{"line":84,"column":24}},"loc":{"start":{"line":85,"column":4},"end":{"line":92,"column":null}}},"8":{"name":"(anonymous_8)","decl":{"start":{"line":97,"column":23},"end":{"line":97,"column":26}},"loc":{"start":{"line":98,"column":4},"end":{"line":105,"column":null}}}},"branchMap":{"0":{"loc":{"start":{"line":16,"column":10},"end":{"line":18,"column":11}},"type":"if","locations":[{"start":{"line":16,"column":10},"end":{"line":18,"column":11}}]},"1":{"loc":{"start":{"line":28,"column":8},"end":{"line":28,"column":47}},"type":"if","locations":[{"start":{"line":28,"column":8},"end":{"line":28,"column":47}}]},"2":{"loc":{"start":{"line":68,"column":50},"end":{"line":68,"column":86}},"type":"cond-expr","locations":[{"start":{"line":68,"column":73},"end":{"line":68,"column":81}},{"start":{"line":68,"column":84},"end":{"line":68,"column":86}}]}},"s":{"0":1,"1":1,"2":1,"3":15,"4":15,"5":15,"6":15,"7":0,"8":0,"9":0,"10":15,"11":15,"12":15,"13":75,"14":75,"15":75,"16":15,"17":15,"18":15,"19":75,"20":1,"21":1,"22":1,"23":15,"24":1,"25":15},"f":{"0":15,"1":15,"2":0,"3":0,"4":75,"5":15,"6":75,"7":15,"8":15},"b":{"0":[0],"1":[75],"2":[15,60]}}
,"D:\\users\\Jair\\Documentos\\Proyectos\\Personales\\Portfolio\\portfolioja\\src\\components\\skills\\skills.tsx": {"path":"D:\\users\\Jair\\Documentos\\Proyectos\\Personales\\Portfolio\\portfolioja\\src\\components\\skills\\skills.tsx","statementMap":{"0":{"start":{"line":1,"column":0},"end":{"line":1,"column":40}},"1":{"start":{"line":2,"column":0},"end":{"line":2,"column":22}},"2":{"start":{"line":4,"column":0},"end":{"line":4,"column":48}},"3":{"start":{"line":5,"column":0},"end":{"line":5,"column":47}},"4":{"start":{"line":7,"column":65},"end":{"line":31,"column":1}},"5":{"start":{"line":8,"column":17},"end":{"line":15,"column":4}},"6":{"start":{"line":17,"column":16},"end":{"line":17,"column":29}},"7":{"start":{"line":19,"column":2},"end":{"line":30,"column":4}},"8":{"start":{"line":22,"column":8},"end":{"line":23,"column":null}},"9":{"start":{"line":33,"column":46},"end":{"line":61,"column":1}},"10":{"start":{"line":34,"column":40},"end":{"line":34,"column":55}},"11":{"start":{"line":36,"column":26},"end":{"line":38,"column":3}},"12":{"start":{"line":37,"column":4},"end":{"line":37,"column":25}},"13":{"start":{"line":40,"column":2},"end":{"line":60,"column":4}},"14":{"start":{"line":63,"column":25},"end":{"line":104,"column":1}},"15":{"start":{"line":64,"column":17},"end":{"line":64,"column":45}},"16":{"start":{"line":66,"column":27},"end":{"line":72,"column":8}},"17":{"start":{"line":67,"column":4},"end":{"line":69,"column":5}},"18":{"start":{"line":68,"column":6},"end":{"line":68,"column":31}},"19":{"start":{"line":70,"column":4},"end":{"line":70,"column":36}},"20":{"start":{"line":71,"column":4},"end":{"line":71,"column":15}},"21":{"start":{"line":74,"column":2},"end":{"line":103,"column":4}},"22":{"start":{"line":82,"column":12},"end":{"line":83,"column":null}},"23":{"start":{"line":95,"column":18},"end":{"line":95,"column":44}},"24":{"start":{"line":106,"column":0},"end":{"line":106,"column":22}}},"fnMap":{"0":{"name":"(anonymous_1)","decl":{"start":{"line":7,"column":65},"end":{"line":7,"column":66}},"loc":{"start":{"line":7,"column":79},"end":{"line":31,"column":1}}},"1":{"name":"(anonymous_2)","decl":{"start":{"line":21,"column":25},"end":{"line":21,"column":26}},"loc":{"start":{"line":22,"column":8},"end":{"line":23,"column":null}}},"2":{"name":"(anonymous_3)","decl":{"start":{"line":33,"column":46},"end":{"line":33,"column":47}},"loc":{"start":{"line":33,"column":60},"end":{"line":61,"column":1}}},"3":{"name":"(anonymous_4)","decl":{"start":{"line":36,"column":26},"end":{"line":36,"column":29}},"loc":{"start":{"line":36,"column":31},"end":{"line":38,"column":3}}},"4":{"name":"(anonymous_5)","decl":{"start":{"line":63,"column":25},"end":{"line":63,"column":28}},"loc":{"start":{"line":63,"column":30},"end":{"line":104,"column":1}}},"5":{"name":"(anonymous_6)","decl":{"start":{"line":66,"column":59},"end":{"line":66,"column":60}},"loc":{"start":{"line":66,"column":74},"end":{"line":72,"column":3}}},"6":{"name":"(anonymous_7)","decl":{"start":{"line":81,"column":48},"end":{"line":81,"column":49}},"loc":{"start":{"line":82,"column":12},"end":{"line":83,"column":null}}},"7":{"name":"(anonymous_8)","decl":{"start":{"line":94,"column":28},"end":{"line":94,"column":33}},"loc":{"start":{"line":95,"column":18},"end":{"line":95,"column":44}}}},"branchMap":{"0":{"loc":{"start":{"line":24,"column":29},"end":{"line":24,"column":63}},"type":"cond-expr","locations":[{"start":{"line":24,"column":45},"end":{"line":24,"column":53}},{"start":{"line":24,"column":56},"end":{"line":24,"column":63}}]},"1":{"loc":{"start":{"line":49,"column":23},"end":{"line":49,"column":50}},"type":"cond-expr","locations":[{"start":{"line":49,"column":37},"end":{"line":49,"column":45}},{"start":{"line":49,"column":48},"end":{"line":49,"column":50}}]},"2":{"loc":{"start":{"line":56,"column":37},"end":{"line":56,"column":85}},"type":"cond-expr","locations":[{"start":{"line":56,"column":69},"end":{"line":56,"column":75}},{"start":{"line":56,"column":78},"end":{"line":56,"column":85}}]},"3":{"loc":{"start":{"line":67,"column":4},"end":{"line":69,"column":5}},"type":"if","locations":[{"start":{"line":67,"column":4},"end":{"line":69,"column":5}}]},"4":{"loc":{"start":{"line":85,"column":16},"end":{"line":89,"column":null}},"type":"cond-expr","locations":[{"start":{"line":85,"column":38},"end":{"line":85,"column":45}},{"start":{"line":86,"column":16},"end":{"line":89,"column":null}}]},"5":{"loc":{"start":{"line":86,"column":16},"end":{"line":89,"column":null}},"type":"cond-expr","locations":[{"start":{"line":86,"column":38},"end":{"line":86,"column":46}},{"start":{"line":87,"column":16},"end":{"line":89,"column":null}}]},"6":{"loc":{"start":{"line":87,"column":16},"end":{"line":89,"column":null}},"type":"cond-expr","locations":[{"start":{"line":87,"column":38},"end":{"line":87,"column":45}},{"start":{"line":88,"column":16},"end":{"line":89,"column":null}}]},"7":{"loc":{"start":{"line":88,"column":16},"end":{"line":89,"column":null}},"type":"cond-expr","locations":[{"start":{"line":88,"column":38},"end":{"line":88,"column":46}},{"start":{"line":89,"column":16},"end":{"line":89,"column":null}}]}},"s":{"0":1,"1":1,"2":1,"3":1,"4":1,"5":68,"6":68,"7":68,"8":340,"9":1,"10":68,"11":68,"12":4,"13":68,"14":1,"15":16,"16":16,"17":64,"18":64,"19":64,"20":64,"21":16,"22":64,"23":64,"24":1},"f":{"0":68,"1":340,"2":68,"3":4,"4":16,"5":64,"6":64,"7":64},"b":{"0":[255,85],"1":[4,64],"2":[17,51],"3":[64],"4":[64,0],"5":[0,0],"6":[0,0],"7":[0,0]}}
,"D:\\users\\Jair\\Documentos\\Proyectos\\Personales\\Portfolio\\portfolioja\\src\\domain\\repositories\\PortfolioRepositoryFactory.ts": {"path":"D:\\users\\Jair\\Documentos\\Proyectos\\Personales\\Portfolio\\portfolioja\\src\\domain\\repositories\\PortfolioRepositoryFactory.ts","statementMap":{"0":{"start":{"line":2,"column":0},"end":{"line":2,"column":89}},"1":{"start":{"line":3,"column":0},"end":{"line":3,"column":92}},"2":{"start":{"line":10,"column":4},"end":{"line":19,"column":5}},"3":{"start":{"line":12,"column":8},"end":{"line":12,"column":44}},"4":{"start":{"line":14,"column":8},"end":{"line":14,"column":45}},"5":{"start":{"line":18,"column":8},"end":{"line":18,"column":62}},"6":{"start":{"line":8,"column":0},"end":{"line":8,"column":13}}},"fnMap":{"0":{"name":"(anonymous_0)","decl":{"start":{"line":9,"column":2},"end":{"line":9,"column":8}},"loc":{"start":{"line":9,"column":44},"end":{"line":20,"column":3}}}},"branchMap":{"0":{"loc":{"start":{"line":10,"column":4},"end":{"line":19,"column":5}},"type":"switch","locations":[{"start":{"line":11,"column":6},"end":{"line":12,"column":44}},{"start":{"line":13,"column":6},"end":{"line":14,"column":45}},{"start":{"line":17,"column":6},"end":{"line":18,"column":62}}]}},"s":{"0":1,"1":1,"2":1,"3":1,"4":0,"5":0,"6":1},"f":{"0":1},"b":{"0":[1,0,0]}}
,"D:\\users\\Jair\\Documentos\\Proyectos\\Personales\\Portfolio\\portfolioja\\src\\domain\\services\\PortfolioService.ts": {"path":"D:\\users\\Jair\\Documentos\\Proyectos\\Personales\\Portfolio\\portfolioja\\src\\domain\\services\\PortfolioService.ts","statementMap":{"0":{"start":{"line":2,"column":0},"end":{"line":2,"column":100}},"1":{"start":{"line":12,"column":4},"end":{"line":12,"column":78}},"2":{"start":{"line":16,"column":4},"end":{"line":16,"column":18}},"3":{"start":{"line":20,"column":4},"end":{"line":20,"column":46}},"4":{"start":{"line":24,"column":4},"end":{"line":24,"column":47}},"5":{"start":{"line":28,"column":4},"end":{"line":28,"column":50}},"6":{"start":{"line":32,"column":4},"end":{"line":32,"column":48}},"7":{"start":{"line":36,"column":4},"end":{"line":36,"column":49}},"8":{"start":{"line":40,"column":4},"end":{"line":40,"column":46}},"9":{"start":{"line":8,"column":0},"end":{"line":8,"column":13}}},"fnMap":{"0":{"name":"(anonymous_0)","decl":{"start":{"line":11,"column":2},"end":{"line":11,"column":14}},"loc":{"start":{"line":11,"column":66},"end":{"line":13,"column":3}}},"1":{"name":"(anonymous_1)","decl":{"start":{"line":15,"column":10},"end":{"line":15,"column":30}},"loc":{"start":{"line":15,"column":30},"end":{"line":17,"column":3}}},"2":{"name":"(anonymous_2)","decl":{"start":{"line":19,"column":2},"end":{"line":19,"column":7}},"loc":{"start":{"line":19,"column":24},"end":{"line":21,"column":3}}},"3":{"name":"(anonymous_3)","decl":{"start":{"line":23,"column":2},"end":{"line":23,"column":7}},"loc":{"start":{"line":23,"column":62},"end":{"line":25,"column":3}}},"4":{"name":"(anonymous_4)","decl":{"start":{"line":27,"column":2},"end":{"line":27,"column":7}},"loc":{"start":{"line":27,"column":86},"end":{"line":29,"column":3}}},"5":{"name":"(anonymous_5)","decl":{"start":{"line":31,"column":4},"end":{"line":31,"column":9}},"loc":{"start":{"line":31,"column":83},"end":{"line":33,"column":3}}},"6":{"name":"(anonymous_6)","decl":{"start":{"line":35,"column":4},"end":{"line":35,"column":9}},"loc":{"start":{"line":35,"column":86},"end":{"line":37,"column":3}}},"7":{"name":"(anonymous_7)","decl":{"start":{"line":39,"column":4},"end":{"line":39,"column":9}},"loc":{"start":{"line":39,"column":62},"end":{"line":41,"column":3}}}},"branchMap":{"0":{"loc":{"start":{"line":11,"column":14},"end":{"line":11,"column":66}},"type":"default-arg","locations":[{"start":{"line":11,"column":39},"end":{"line":11,"column":66}}]}},"s":{"0":1,"1":1,"2":1,"3":1,"4":0,"5":0,"6":0,"7":0,"8":0,"9":1},"f":{"0":1,"1":1,"2":1,"3":0,"4":0,"5":0,"6":0,"7":0},"b":{"0":[1]}}
,"D:\\users\\Jair\\Documentos\\Proyectos\\Personales\\Portfolio\\portfolioja\\src\\infrastructure\\api\\ApiPortfolioRepository.ts": {"path":"D:\\users\\Jair\\Documentos\\Proyectos\\Personales\\Portfolio\\portfolioja\\src\\infrastructure\\api\\ApiPortfolioRepository.ts","statementMap":{"0":{"start":{"line":11,"column":8},"end":{"line":11,"column":31}},"1":{"start":{"line":15,"column":25},"end":{"line":15,"column":65}},"2":{"start":{"line":17,"column":8},"end":{"line":19,"column":9}},"3":{"start":{"line":18,"column":12},"end":{"line":18,"column":86}},"4":{"start":{"line":21,"column":8},"end":{"line":21,"column":37}},"5":{"start":{"line":25,"column":25},"end":{"line":31,"column":10}},"6":{"start":{"line":33,"column":8},"end":{"line":35,"column":9}},"7":{"start":{"line":34,"column":12},"end":{"line":34,"column":81}},"8":{"start":{"line":39,"column":25},"end":{"line":45,"column":10}},"9":{"start":{"line":47,"column":8},"end":{"line":49,"column":9}},"10":{"start":{"line":48,"column":12},"end":{"line":48,"column":83}},"11":{"start":{"line":53,"column":25},"end":{"line":59,"column":10}},"12":{"start":{"line":61,"column":8},"end":{"line":63,"column":9}},"13":{"start":{"line":62,"column":12},"end":{"line":62,"column":81}},"14":{"start":{"line":67,"column":25},"end":{"line":73,"column":10}},"15":{"start":{"line":75,"column":8},"end":{"line":77,"column":9}},"16":{"start":{"line":76,"column":12},"end":{"line":76,"column":82}},"17":{"start":{"line":81,"column":25},"end":{"line":87,"column":10}},"18":{"start":{"line":89,"column":8},"end":{"line":91,"column":9}},"19":{"start":{"line":90,"column":12},"end":{"line":90,"column":79}},"20":{"start":{"line":7,"column":0},"end":{"line":7,"column":13}}},"fnMap":{"0":{"name":"(anonymous_0)","decl":{"start":{"line":10,"column":4},"end":{"line":10,"column":16}},"loc":{"start":{"line":10,"column":69},"end":{"line":12,"column":5}}},"1":{"name":"(anonymous_1)","decl":{"start":{"line":14,"column":4},"end":{"line":14,"column":9}},"loc":{"start":{"line":14,"column":26},"end":{"line":22,"column":5}}},"2":{"name":"(anonymous_2)","decl":{"start":{"line":24,"column":4},"end":{"line":24,"column":9}},"loc":{"start":{"line":24,"column":64},"end":{"line":36,"column":5}}},"3":{"name":"(anonymous_3)","decl":{"start":{"line":38,"column":4},"end":{"line":38,"column":9}},"loc":{"start":{"line":38,"column":88},"end":{"line":50,"column":5}}},"4":{"name":"(anonymous_4)","decl":{"start":{"line":52,"column":4},"end":{"line":52,"column":9}},"loc":{"start":{"line":52,"column":83},"end":{"line":64,"column":5}}},"5":{"name":"(anonymous_5)","decl":{"start":{"line":66,"column":4},"end":{"line":66,"column":9}},"loc":{"start":{"line":66,"column":86},"end":{"line":78,"column":5}}},"6":{"name":"(anonymous_6)","decl":{"start":{"line":80,"column":4},"end":{"line":80,"column":9}},"loc":{"start":{"line":80,"column":62},"end":{"line":92,"column":5}}}},"branchMap":{"0":{"loc":{"start":{"line":10,"column":16},"end":{"line":10,"column":69}},"type":"default-arg","locations":[{"start":{"line":10,"column":34},"end":{"line":10,"column":69}}]},"1":{"loc":{"start":{"line":10,"column":34},"end":{"line":10,"column":69}},"type":"binary-expr","locations":[{"start":{"line":10,"column":34},"end":{"line":10,"column":63}},{"start":{"line":10,"column":67},"end":{"line":10,"column":69}}]},"2":{"loc":{"start":{"line":17,"column":8},"end":{"line":19,"column":9}},"type":"if","locations":[{"start":{"line":17,"column":8},"end":{"line":19,"column":9}}]},"3":{"loc":{"start":{"line":33,"column":8},"end":{"line":35,"column":9}},"type":"if","locations":[{"start":{"line":33,"column":8},"end":{"line":35,"column":9}}]},"4":{"loc":{"start":{"line":47,"column":8},"end":{"line":49,"column":9}},"type":"if","locations":[{"start":{"line":47,"column":8},"end":{"line":49,"column":9}}]},"5":{"loc":{"start":{"line":61,"column":8},"end":{"line":63,"column":9}},"type":"if","locations":[{"start":{"line":61,"column":8},"end":{"line":63,"column":9}}]},"6":{"loc":{"start":{"line":75,"column":8},"end":{"line":77,"column":9}},"type":"if","locations":[{"start":{"line":75,"column":8},"end":{"line":77,"column":9}}]},"7":{"loc":{"start":{"line":89,"column":8},"end":{"line":91,"column":9}},"type":"if","locations":[{"start":{"line":89,"column":8},"end":{"line":91,"column":9}}]}},"s":{"0":1,"1":1,"2":1,"3":0,"4":1,"5":0,"6":0,"7":0,"8":0,"9":0,"10":0,"11":0,"12":0,"13":0,"14":0,"15":0,"16":0,"17":0,"18":0,"19":0,"20":2},"f":{"0":1,"1":1,"2":0,"3":0,"4":0,"5":0,"6":0},"b":{"0":[0],"1":[0,0],"2":[0],"3":[0],"4":[0],"5":[0],"6":[0],"7":[0]}}
,"D:\\users\\Jair\\Documentos\\Proyectos\\Personales\\Portfolio\\portfolioja\\src\\infrastructure\\json\\JsonPortfolioRepository.ts": {"path":"D:\\users\\Jair\\Documentos\\Proyectos\\Personales\\Portfolio\\portfolioja\\src\\infrastructure\\json\\JsonPortfolioRepository.ts","statementMap":{"0":{"start":{"line":3,"column":0},"end":{"line":3,"column":64}},"1":{"start":{"line":12,"column":8},"end":{"line":12,"column":52}},"2":{"start":{"line":17,"column":8},"end":{"line":21,"column":11}},"3":{"start":{"line":18,"column":12},"end":{"line":20,"column":20}},"4":{"start":{"line":19,"column":16},"end":{"line":19,"column":35}},"5":{"start":{"line":25,"column":8},"end":{"line":31,"column":11}},"6":{"start":{"line":26,"column":12},"end":{"line":30,"column":20}},"7":{"start":{"line":27,"column":16},"end":{"line":27,"column":70}},"8":{"start":{"line":28,"column":16},"end":{"line":28,"column":75}},"9":{"start":{"line":29,"column":16},"end":{"line":29,"column":26}},"10":{"start":{"line":35,"column":8},"end":{"line":44,"column":11}},"11":{"start":{"line":36,"column":12},"end":{"line":43,"column":20}},"12":{"start":{"line":37,"column":16},"end":{"line":40,"column":19}},"13":{"start":{"line":38,"column":35},"end":{"line":38,"column":67}},"14":{"start":{"line":38,"column":50},"end":{"line":38,"column":66}},"15":{"start":{"line":39,"column":20},"end":{"line":39,"column":74}},"16":{"start":{"line":41,"column":16},"end":{"line":41,"column":82}},"17":{"start":{"line":42,"column":16},"end":{"line":42,"column":26}},"18":{"start":{"line":48,"column":8},"end":{"line":57,"column":11}},"19":{"start":{"line":49,"column":12},"end":{"line":56,"column":20}},"20":{"start":{"line":50,"column":16},"end":{"line":53,"column":19}},"21":{"start":{"line":51,"column":35},"end":{"line":51,"column":67}},"22":{"start":{"line":51,"column":50},"end":{"line":51,"column":66}},"23":{"start":{"line":52,"column":20},"end":{"line":52,"column":74}},"24":{"start":{"line":54,"column":16},"end":{"line":54,"column":82}},"25":{"start":{"line":55,"column":16},"end":{"line":55,"column":26}},"26":{"start":{"line":61,"column":8},"end":{"line":70,"column":11}},"27":{"start":{"line":62,"column":12},"end":{"line":69,"column":20}},"28":{"start":{"line":63,"column":16},"end":{"line":66,"column":19}},"29":{"start":{"line":64,"column":35},"end":{"line":64,"column":67}},"30":{"start":{"line":64,"column":50},"end":{"line":64,"column":66}},"31":{"start":{"line":65,"column":20},"end":{"line":65,"column":74}},"32":{"start":{"line":67,"column":16},"end":{"line":67,"column":82}},"33":{"start":{"line":68,"column":16},"end":{"line":68,"column":26}},"34":{"start":{"line":74,"column":8},"end":{"line":80,"column":11}},"35":{"start":{"line":75,"column":12},"end":{"line":79,"column":20}},"36":{"start":{"line":76,"column":16},"end":{"line":76,"column":68}},"37":{"start":{"line":77,"column":16},"end":{"line":77,"column":73}},"38":{"start":{"line":78,"column":16},"end":{"line":78,"column":26}},"39":{"start":{"line":8,"column":0},"end":{"line":8,"column":13}}},"fnMap":{"0":{"name":"(anonymous_1)","decl":{"start":{"line":11,"column":4},"end":{"line":11,"column":null}},"loc":{"start":{"line":11,"column":4},"end":{"line":13,"column":5}}},"1":{"name":"(anonymous_2)","decl":{"start":{"line":15,"column":4},"end":{"line":15,"column":9}},"loc":{"start":{"line":15,"column":26},"end":{"line":22,"column":5}}},"2":{"name":"(anonymous_3)","decl":{"start":{"line":17,"column":27},"end":{"line":17,"column":28}},"loc":{"start":{"line":17,"column":39},"end":{"line":21,"column":9}}},"3":{"name":"(anonymous_4)","decl":{"start":{"line":18,"column":23},"end":{"line":18,"column":26}},"loc":{"start":{"line":18,"column":28},"end":{"line":20,"column":13}}},"4":{"name":"(anonymous_5)","decl":{"start":{"line":24,"column":4},"end":{"line":24,"column":9}},"loc":{"start":{"line":24,"column":64},"end":{"line":32,"column":5}}},"5":{"name":"(anonymous_6)","decl":{"start":{"line":25,"column":27},"end":{"line":25,"column":28}},"loc":{"start":{"line":25,"column":39},"end":{"line":31,"column":9}}},"6":{"name":"(anonymous_7)","decl":{"start":{"line":26,"column":23},"end":{"line":26,"column":26}},"loc":{"start":{"line":26,"column":28},"end":{"line":30,"column":13}}},"7":{"name":"(anonymous_8)","decl":{"start":{"line":34,"column":4},"end":{"line":34,"column":9}},"loc":{"start":{"line":34,"column":89},"end":{"line":45,"column":5}}},"8":{"name":"(anonymous_9)","decl":{"start":{"line":35,"column":27},"end":{"line":35,"column":28}},"loc":{"start":{"line":35,"column":39},"end":{"line":44,"column":9}}},"9":{"name":"(anonymous_10)","decl":{"start":{"line":36,"column":23},"end":{"line":36,"column":26}},"loc":{"start":{"line":36,"column":28},"end":{"line":43,"column":13}}},"10":{"name":"(anonymous_11)","decl":{"start":{"line":37,"column":64},"end":{"line":37,"column":68}},"loc":{"start":{"line":37,"column":71},"end":{"line":40,"column":17}}},"11":{"name":"(anonymous_12)","decl":{"start":{"line":38,"column":45},"end":{"line":38,"column":46}},"loc":{"start":{"line":38,"column":50},"end":{"line":38,"column":66}}},"12":{"name":"(anonymous_13)","decl":{"start":{"line":47,"column":4},"end":{"line":47,"column":9}},"loc":{"start":{"line":47,"column":84},"end":{"line":58,"column":5}}},"13":{"name":"(anonymous_14)","decl":{"start":{"line":48,"column":27},"end":{"line":48,"column":28}},"loc":{"start":{"line":48,"column":39},"end":{"line":57,"column":9}}},"14":{"name":"(anonymous_15)","decl":{"start":{"line":49,"column":23},"end":{"line":49,"column":26}},"loc":{"start":{"line":49,"column":28},"end":{"line":56,"column":13}}},"15":{"name":"(anonymous_16)","decl":{"start":{"line":50,"column":72},"end":{"line":50,"column":76}},"loc":{"start":{"line":50,"column":79},"end":{"line":53,"column":17}}},"16":{"name":"(anonymous_17)","decl":{"start":{"line":51,"column":45},"end":{"line":51,"column":46}},"loc":{"start":{"line":51,"column":50},"end":{"line":51,"column":66}}},"17":{"name":"(anonymous_18)","decl":{"start":{"line":60,"column":4},"end":{"line":60,"column":9}},"loc":{"start":{"line":60,"column":87},"end":{"line":71,"column":5}}},"18":{"name":"(anonymous_19)","decl":{"start":{"line":61,"column":27},"end":{"line":61,"column":28}},"loc":{"start":{"line":61,"column":39},"end":{"line":70,"column":9}}},"19":{"name":"(anonymous_20)","decl":{"start":{"line":62,"column":23},"end":{"line":62,"column":26}},"loc":{"start":{"line":62,"column":28},"end":{"line":69,"column":13}}},"20":{"name":"(anonymous_21)","decl":{"start":{"line":63,"column":62},"end":{"line":63,"column":66}},"loc":{"start":{"line":63,"column":69},"end":{"line":66,"column":17}}},"21":{"name":"(anonymous_22)","decl":{"start":{"line":64,"column":45},"end":{"line":64,"column":46}},"loc":{"start":{"line":64,"column":50},"end":{"line":64,"column":66}}},"22":{"name":"(anonymous_23)","decl":{"start":{"line":73,"column":4},"end":{"line":73,"column":9}},"loc":{"start":{"line":73,"column":62},"end":{"line":81,"column":5}}},"23":{"name":"(anonymous_24)","decl":{"start":{"line":74,"column":27},"end":{"line":74,"column":28}},"loc":{"start":{"line":74,"column":39},"end":{"line":80,"column":9}}},"24":{"name":"(anonymous_25)","decl":{"start":{"line":75,"column":23},"end":{"line":75,"column":26}},"loc":{"start":{"line":75,"column":28},"end":{"line":79,"column":13}}}},"branchMap":{"0":{"loc":{"start":{"line":39,"column":27},"end":{"line":39,"column":73}},"type":"cond-expr","locations":[{"start":{"line":39,"column":36},"end":{"line":39,"column":66}},{"start":{"line":39,"column":69},"end":{"line":39,"column":73}}]},"1":{"loc":{"start":{"line":52,"column":27},"end":{"line":52,"column":73}},"type":"cond-expr","locations":[{"start":{"line":52,"column":36},"end":{"line":52,"column":66}},{"start":{"line":52,"column":69},"end":{"line":52,"column":73}}]},"2":{"loc":{"start":{"line":65,"column":27},"end":{"line":65,"column":73}},"type":"cond-expr","locations":[{"start":{"line":65,"column":36},"end":{"line":65,"column":66}},{"start":{"line":65,"column":69},"end":{"line":65,"column":73}}]}},"s":{"0":2,"1":1,"2":1,"3":1,"4":1,"5":0,"6":0,"7":0,"8":0,"9":0,"10":0,"11":0,"12":0,"13":0,"14":0,"15":0,"16":0,"17":0,"18":0,"19":0,"20":0,"21":0,"22":0,"23":0,"24":0,"25":0,"26":0,"27":0,"28":0,"29":0,"30":0,"31":0,"32":0,"33":0,"34":0,"35":0,"36":0,"37":0,"38":0,"39":2},"f":{"0":1,"1":1,"2":1,"3":1,"4":0,"5":0,"6":0,"7":0,"8":0,"9":0,"10":0,"11":0,"12":0,"13":0,"14":0,"15":0,"16":0,"17":0,"18":0,"19":0,"20":0,"21":0,"22":0,"23":0,"24":0},"b":{"0":[0,0],"1":[0,0],"2":[0,0]}}
,"D:\\users\\Jair\\Documentos\\Proyectos\\Personales\\Portfolio\\portfolioja\\src\\tests\\testData.ts": {"path":"D:\\users\\Jair\\Documentos\\Proyectos\\Personales\\Portfolio\\portfolioja\\src\\tests\\testData.ts","statementMap":{"0":{"start":{"line":3,"column":13},"end":{"line":113,"column":4}}},"fnMap":{},"branchMap":{},"s":{"0":2},"f":{},"b":{}}
}
