TN:
SF:src\components\common\text-config.ts
FN:24,(anonymous_10)
FN:27,(anonymous_11)
FN:31,(anonymous_12)
FN:42,(anonymous_13)
FN:47,(anonymous_14)
FN:60,(anonymous_15)
FN:61,(anonymous_16)
FNF:7
FNH:4
FNDA:1,(anonymous_10)
FNDA:2,(anonymous_11)
FNDA:2,(anonymous_12)
FNDA:0,(anonymous_13)
FNDA:1,(anonymous_14)
FNDA:0,(anonymous_15)
FNDA:0,(anonymous_16)
DA:2,1
DA:24,1
DA:25,1
DA:27,1
DA:28,2
DA:29,2
DA:31,2
DA:32,2
DA:33,2
DA:35,0
DA:36,0
DA:41,0
DA:42,0
DA:46,1
DA:48,1
DA:49,1
DA:53,1
DA:60,1
DA:61,0
DA:62,0
LF:20
LH:14
BRDA:46,0,0,1
BRDA:46,0,1,0
BRF:2
BRH:1
end_of_record
TN:
SF:src\components\common\text-formatter.ts
FN:25,(anonymous_0)
FN:29,(anonymous_1)
FN:35,(anonymous_2)
FN:36,(anonymous_3)
FN:39,(anonymous_4)
FN:66,(anonymous_5)
FN:80,(anonymous_6)
FN:90,(anonymous_7)
FN:92,(anonymous_8)
FNF:9
FNH:9
FNDA:10,(anonymous_0)
FNDA:30,(anonymous_1)
FNDA:30,(anonymous_2)
FNDA:40,(anonymous_3)
FNDA:10,(anonymous_4)
FNDA:331,(anonymous_5)
FNDA:12,(anonymous_6)
FNDA:5,(anonymous_7)
FNDA:15,(anonymous_8)
DA:20,1
DA:26,10
DA:27,10
DA:29,10
DA:30,30
DA:31,30
DA:34,10
DA:35,30
DA:36,40
DA:40,10
DA:41,10
DA:43,10
DA:44,26
DA:46,26
DA:47,63
DA:48,12
DA:50,12
DA:51,12
DA:52,12
DA:54,12
DA:55,12
DA:56,12
DA:57,12
DA:62,26
DA:63,14
DA:64,14
DA:66,331
DA:68,104
DA:71,14
DA:72,14
DA:73,14
DA:77,10
DA:81,12
DA:82,114
DA:83,12
DA:86,0
DA:91,5
DA:93,15
DA:94,7
DA:95,7
LF:40
LH:39
BRDA:47,0,0,12
BRDA:50,1,0,12
BRDA:62,2,0,14
BRDA:65,3,0,118
BRDA:65,3,1,114
BRDA:82,4,0,12
BRDA:93,5,0,8
BRDA:95,6,0,7
BRDA:95,6,1,0
BRF:9
BRH:8
end_of_record
TN:
SF:src\components\common\lazy-load\index.ts
FN:1,(anonymous_1)
FNF:1
FNH:1
FNDA:68,(anonymous_1)
DA:1,69
LF:1
LH:1
BRF:0
BRH:0
end_of_record
TN:
SF:src\components\common\lazy-load\lazy-load.tsx
FN:11,(anonymous_0)
FN:21,(anonymous_1)
FN:29,(anonymous_2)
FN:48,(anonymous_3)
FNF:4
FNH:3
FNDA:68,(anonymous_0)
FNDA:64,(anonymous_1)
FNDA:0,(anonymous_2)
FNDA:64,(anonymous_3)
DA:1,1
DA:2,1
DA:11,1
DA:17,68
DA:18,68
DA:19,68
DA:21,68
DA:22,64
DA:23,0
DA:24,0
DA:25,0
DA:28,64
DA:30,0
DA:31,0
DA:32,0
DA:34,0
DA:43,64
DA:44,64
DA:45,64
DA:48,64
DA:49,64
DA:50,64
DA:55,68
DA:65,1
LF:24
LH:17
BRDA:13,0,0,0
BRDA:14,1,0,0
BRDA:15,2,0,68
BRDA:22,3,0,0
BRDA:30,4,0,0
BRDA:30,5,0,0
BRDA:30,5,1,0
BRDA:44,6,0,64
BRDA:49,7,0,64
BRDA:58,8,0,0
BRDA:58,8,1,68
BRF:11
BRH:4
end_of_record
TN:
SF:src\components\experiences\experience.tsx
FN:5,(anonymous_0)
FN:10,(anonymous_1)
FN:11,(anonymous_2)
FN:14,(anonymous_3)
FN:50,(anonymous_4)
FN:83,(anonymous_5)
FN:94,(anonymous_6)
FN:103,(anonymous_7)
FNF:8
FNH:8
FNDA:20,(anonymous_0)
FNDA:6,(anonymous_1)
FNDA:6,(anonymous_2)
FNDA:1,(anonymous_3)
FNDA:51,(anonymous_4)
FNDA:51,(anonymous_5)
FNDA:71,(anonymous_6)
FNDA:65,(anonymous_7)
DA:1,1
DA:2,1
DA:5,1
DA:6,20
DA:7,20
DA:8,20
DA:10,20
DA:11,6
DA:14,20
DA:15,1
DA:18,20
DA:20,20
DA:51,51
DA:83,1
DA:84,51
DA:95,71
DA:104,65
DA:139,1
LF:18
LH:18
BRDA:27,0,0,20
BRDA:27,0,1,13
BRDA:36,1,0,20
BRDA:36,1,1,7
BRDA:55,2,0,20
BRDA:55,2,1,13
BRDA:55,2,2,13
BRDA:64,3,0,20
BRDA:64,3,1,7
BRDA:101,4,0,51
BRDA:101,4,1,45
BRDA:111,5,0,51
BRDA:111,5,1,20
BRF:13
BRH:13
end_of_record
TN:
SF:src\components\footer\footer.tsx
FN:3,(anonymous_0)
FNF:1
FNH:1
FNDA:14,(anonymous_0)
DA:1,1
DA:3,1
DA:4,14
DA:6,14
DA:82,1
LF:5
LH:5
BRF:0
BRH:0
end_of_record
TN:
SF:src\components\header\header.tsx
FN:4,(anonymous_0)
FN:7,(anonymous_1)
FN:14,(anonymous_2)
FN:15,(anonymous_3)
FN:26,(anonymous_4)
FN:31,(anonymous_5)
FN:67,(anonymous_6)
FN:84,(anonymous_7)
FN:97,(anonymous_8)
FNF:9
FNH:7
FNDA:15,(anonymous_0)
FNDA:15,(anonymous_1)
FNDA:0,(anonymous_2)
FNDA:0,(anonymous_3)
FNDA:75,(anonymous_4)
FNDA:15,(anonymous_5)
FNDA:75,(anonymous_6)
FNDA:15,(anonymous_7)
FNDA:15,(anonymous_8)
DA:1,1
DA:2,1
DA:4,1
DA:5,15
DA:7,15
DA:8,15
DA:14,15
DA:15,0
DA:16,0
DA:17,0
DA:22,15
DA:25,15
DA:26,15
DA:27,75
DA:28,75
DA:31,15
DA:34,15
DA:68,75
DA:81,1
DA:84,1
DA:85,15
DA:97,1
DA:98,15
LF:23
LH:20
BRDA:16,0,0,0
BRDA:28,1,0,75
BRDA:68,2,0,15
BRDA:68,2,1,60
BRF:4
BRH:3
end_of_record
TN:
SF:src\components\skills\skills.tsx
FN:7,(anonymous_1)
FN:21,(anonymous_2)
FN:33,(anonymous_3)
FN:36,(anonymous_4)
FN:63,(anonymous_5)
FN:66,(anonymous_6)
FN:81,(anonymous_7)
FN:94,(anonymous_8)
FNF:8
FNH:8
FNDA:68,(anonymous_1)
FNDA:340,(anonymous_2)
FNDA:68,(anonymous_3)
FNDA:4,(anonymous_4)
FNDA:16,(anonymous_5)
FNDA:64,(anonymous_6)
FNDA:64,(anonymous_7)
FNDA:64,(anonymous_8)
DA:1,1
DA:2,1
DA:4,1
DA:5,1
DA:7,1
DA:8,68
DA:17,68
DA:19,68
DA:22,340
DA:33,1
DA:34,68
DA:36,68
DA:37,4
DA:40,68
DA:63,1
DA:64,16
DA:66,16
DA:67,64
DA:68,64
DA:70,64
DA:71,64
DA:74,16
DA:82,64
DA:95,64
DA:106,1
LF:25
LH:25
BRDA:24,0,0,255
BRDA:24,0,1,85
BRDA:49,1,0,4
BRDA:49,1,1,64
BRDA:56,2,0,17
BRDA:56,2,1,51
BRDA:67,3,0,64
BRDA:85,4,0,64
BRDA:85,4,1,0
BRDA:86,5,0,0
BRDA:86,5,1,0
BRDA:87,6,0,0
BRDA:87,6,1,0
BRDA:88,7,0,0
BRDA:88,7,1,0
BRF:15
BRH:8
end_of_record
TN:
SF:src\domain\repositories\PortfolioRepositoryFactory.ts
FN:9,(anonymous_0)
FNF:1
FNH:1
FNDA:1,(anonymous_0)
DA:2,1
DA:3,1
DA:8,1
DA:10,1
DA:12,1
DA:14,0
DA:18,0
LF:7
LH:5
BRDA:10,0,0,1
BRDA:10,0,1,0
BRDA:10,0,2,0
BRF:3
BRH:1
end_of_record
TN:
SF:src\domain\services\PortfolioService.ts
FN:11,(anonymous_0)
FN:15,(anonymous_1)
FN:19,(anonymous_2)
FN:23,(anonymous_3)
FN:27,(anonymous_4)
FN:31,(anonymous_5)
FN:35,(anonymous_6)
FN:39,(anonymous_7)
FNF:8
FNH:3
FNDA:1,(anonymous_0)
FNDA:1,(anonymous_1)
FNDA:1,(anonymous_2)
FNDA:0,(anonymous_3)
FNDA:0,(anonymous_4)
FNDA:0,(anonymous_5)
FNDA:0,(anonymous_6)
FNDA:0,(anonymous_7)
DA:2,1
DA:8,1
DA:12,1
DA:16,1
DA:20,1
DA:24,0
DA:28,0
DA:32,0
DA:36,0
DA:40,0
LF:10
LH:5
BRDA:11,0,0,1
BRF:1
BRH:1
end_of_record
TN:
SF:src\infrastructure\api\ApiPortfolioRepository.ts
FN:10,(anonymous_0)
FN:14,(anonymous_1)
FN:24,(anonymous_2)
FN:38,(anonymous_3)
FN:52,(anonymous_4)
FN:66,(anonymous_5)
FN:80,(anonymous_6)
FNF:7
FNH:2
FNDA:1,(anonymous_0)
FNDA:1,(anonymous_1)
FNDA:0,(anonymous_2)
FNDA:0,(anonymous_3)
FNDA:0,(anonymous_4)
FNDA:0,(anonymous_5)
FNDA:0,(anonymous_6)
DA:7,2
DA:11,1
DA:15,1
DA:17,1
DA:18,0
DA:21,1
DA:25,0
DA:33,0
DA:34,0
DA:39,0
DA:47,0
DA:48,0
DA:53,0
DA:61,0
DA:62,0
DA:67,0
DA:75,0
DA:76,0
DA:81,0
DA:89,0
DA:90,0
LF:21
LH:5
BRDA:10,0,0,0
BRDA:10,1,0,0
BRDA:10,1,1,0
BRDA:17,2,0,0
BRDA:33,3,0,0
BRDA:47,4,0,0
BRDA:61,5,0,0
BRDA:75,6,0,0
BRDA:89,7,0,0
BRF:9
BRH:0
end_of_record
TN:
SF:src\infrastructure\json\JsonPortfolioRepository.ts
FN:11,(anonymous_1)
FN:15,(anonymous_2)
FN:17,(anonymous_3)
FN:18,(anonymous_4)
FN:24,(anonymous_5)
FN:25,(anonymous_6)
FN:26,(anonymous_7)
FN:34,(anonymous_8)
FN:35,(anonymous_9)
FN:36,(anonymous_10)
FN:37,(anonymous_11)
FN:38,(anonymous_12)
FN:47,(anonymous_13)
FN:48,(anonymous_14)
FN:49,(anonymous_15)
FN:50,(anonymous_16)
FN:51,(anonymous_17)
FN:60,(anonymous_18)
FN:61,(anonymous_19)
FN:62,(anonymous_20)
FN:63,(anonymous_21)
FN:64,(anonymous_22)
FN:73,(anonymous_23)
FN:74,(anonymous_24)
FN:75,(anonymous_25)
FNF:25
FNH:4
FNDA:1,(anonymous_1)
FNDA:1,(anonymous_2)
FNDA:1,(anonymous_3)
FNDA:1,(anonymous_4)
FNDA:0,(anonymous_5)
FNDA:0,(anonymous_6)
FNDA:0,(anonymous_7)
FNDA:0,(anonymous_8)
FNDA:0,(anonymous_9)
FNDA:0,(anonymous_10)
FNDA:0,(anonymous_11)
FNDA:0,(anonymous_12)
FNDA:0,(anonymous_13)
FNDA:0,(anonymous_14)
FNDA:0,(anonymous_15)
FNDA:0,(anonymous_16)
FNDA:0,(anonymous_17)
FNDA:0,(anonymous_18)
FNDA:0,(anonymous_19)
FNDA:0,(anonymous_20)
FNDA:0,(anonymous_21)
FNDA:0,(anonymous_22)
FNDA:0,(anonymous_23)
FNDA:0,(anonymous_24)
FNDA:0,(anonymous_25)
DA:3,2
DA:8,2
DA:12,1
DA:17,1
DA:18,1
DA:19,1
DA:25,0
DA:26,0
DA:27,0
DA:28,0
DA:29,0
DA:35,0
DA:36,0
DA:37,0
DA:38,0
DA:39,0
DA:41,0
DA:42,0
DA:48,0
DA:49,0
DA:50,0
DA:51,0
DA:52,0
DA:54,0
DA:55,0
DA:61,0
DA:62,0
DA:63,0
DA:64,0
DA:65,0
DA:67,0
DA:68,0
DA:74,0
DA:75,0
DA:76,0
DA:77,0
DA:78,0
LF:37
LH:6
BRDA:39,0,0,0
BRDA:39,0,1,0
BRDA:52,1,0,0
BRDA:52,1,1,0
BRDA:65,2,0,0
BRDA:65,2,1,0
BRF:6
BRH:0
end_of_record
TN:
SF:src\tests\testData.ts
FNF:0
FNH:0
DA:3,2
LF:1
LH:1
BRF:0
BRH:0
end_of_record
